Analysis & Synthesis report for NibbleProcessor
Thu Nov  3 22:50:35 2016
Quartus Prime Version 16.0.0 Build 211 04/27/2016 SJ Lite Edition


---------------------
; Table of Contents ;
---------------------
  1. Legal Notice
  2. Analysis & Synthesis Summary
  3. Analysis & Synthesis Settings
  4. Parallel Compilation
  5. Analysis & Synthesis Source Files Read
  6. Analysis & Synthesis Resource Usage Summary
  7. Analysis & Synthesis Resource Utilization by Entity
  8. Registers Removed During Synthesis
  9. Removed Registers Triggering Further Register Optimizations
 10. General Register Statistics
 11. Post-Synthesis Netlist Statistics for Top Partition
 12. Elapsed Time Per Partition
 13. Analysis & Synthesis Messages



----------------
; Legal Notice ;
----------------
Copyright (C) 1991-2016 Altera Corporation. All rights reserved.
Your use of Altera Corporation's design tools, logic functions 
and other software and tools, and its AMPP partner logic 
functions, and any output files from any of the foregoing 
(including device programming or simulation files), and any 
associated documentation or information are expressly subject 
to the terms and conditions of the Altera Program License 
Subscription Agreement, the Altera Quartus Prime License Agreement,
the Altera MegaCore Function License Agreement, or other 
applicable license agreement, including, without limitation, 
that your use is for the sole purpose of programming logic 
devices manufactured by Altera and sold by Altera or its 
authorized distributors.  Please refer to the applicable 
agreement for further details.



+-------------------------------------------------------------------------------+
; Analysis & Synthesis Summary                                                  ;
+---------------------------------+---------------------------------------------+
; Analysis & Synthesis Status     ; Successful - Thu Nov  3 22:50:35 2016       ;
; Quartus Prime Version           ; 16.0.0 Build 211 04/27/2016 SJ Lite Edition ;
; Revision Name                   ; NibbleProcessor                             ;
; Top-level Entity Name           ; single_port_rom                             ;
; Family                          ; Cyclone V                                   ;
; Logic utilization (in ALMs)     ; N/A                                         ;
; Total registers                 ; 0                                           ;
; Total pins                      ; 30                                          ;
; Total virtual pins              ; 0                                           ;
; Total block memory bits         ; 0                                           ;
; Total DSP Blocks                ; 0                                           ;
; Total HSSI RX PCSs              ; 0                                           ;
; Total HSSI PMA RX Deserializers ; 0                                           ;
; Total HSSI TX PCSs              ; 0                                           ;
; Total HSSI PMA TX Serializers   ; 0                                           ;
; Total PLLs                      ; 0                                           ;
; Total DLLs                      ; 0                                           ;
+---------------------------------+---------------------------------------------+


+---------------------------------------------------------------------------------------------------------------------------+
; Analysis & Synthesis Settings                                                                                             ;
+---------------------------------------------------------------------------------+--------------------+--------------------+
; Option                                                                          ; Setting            ; Default Value      ;
+---------------------------------------------------------------------------------+--------------------+--------------------+
; Device                                                                          ; 5CGXFC7C7F23C8     ;                    ;
; Top-level entity name                                                           ; single_port_rom    ; NibbleProcessor    ;
; Family name                                                                     ; Cyclone V          ; Cyclone V          ;
; Use smart compilation                                                           ; Off                ; Off                ;
; Enable parallel Assembler and TimeQuest Timing Analyzer during compilation      ; On                 ; On                 ;
; Enable compact report table                                                     ; Off                ; Off                ;
; Restructure Multiplexers                                                        ; Auto               ; Auto               ;
; MLAB Add Timing Constraints For Mixed-Port Feed-Through Mode Setting Don't Care ; Off                ; Off                ;
; Create Debugging Nodes for IP Cores                                             ; Off                ; Off                ;
; Preserve fewer node names                                                       ; On                 ; On                 ;
; Disable OpenCore Plus hardware evaluation                                       ; Off                ; Off                ;
; Verilog Version                                                                 ; Verilog_2001       ; Verilog_2001       ;
; VHDL Version                                                                    ; VHDL_1993          ; VHDL_1993          ;
; State Machine Processing                                                        ; Auto               ; Auto               ;
; Safe State Machine                                                              ; Off                ; Off                ;
; Extract Verilog State Machines                                                  ; On                 ; On                 ;
; Extract VHDL State Machines                                                     ; On                 ; On                 ;
; Ignore Verilog initial constructs                                               ; Off                ; Off                ;
; Iteration limit for constant Verilog loops                                      ; 5000               ; 5000               ;
; Iteration limit for non-constant Verilog loops                                  ; 250                ; 250                ;
; Add Pass-Through Logic to Inferred RAMs                                         ; On                 ; On                 ;
; Infer RAMs from Raw Logic                                                       ; On                 ; On                 ;
; Parallel Synthesis                                                              ; On                 ; On                 ;
; DSP Block Balancing                                                             ; Auto               ; Auto               ;
; NOT Gate Push-Back                                                              ; On                 ; On                 ;
; Power-Up Don't Care                                                             ; On                 ; On                 ;
; Remove Redundant Logic Cells                                                    ; Off                ; Off                ;
; Remove Duplicate Registers                                                      ; On                 ; On                 ;
; Ignore CARRY Buffers                                                            ; Off                ; Off                ;
; Ignore CASCADE Buffers                                                          ; Off                ; Off                ;
; Ignore GLOBAL Buffers                                                           ; Off                ; Off                ;
; Ignore ROW GLOBAL Buffers                                                       ; Off                ; Off                ;
; Ignore LCELL Buffers                                                            ; Off                ; Off                ;
; Ignore SOFT Buffers                                                             ; On                 ; On                 ;
; Limit AHDL Integers to 32 Bits                                                  ; Off                ; Off                ;
; Optimization Technique                                                          ; Balanced           ; Balanced           ;
; Carry Chain Length                                                              ; 70                 ; 70                 ;
; Auto Carry Chains                                                               ; On                 ; On                 ;
; Auto Open-Drain Pins                                                            ; On                 ; On                 ;
; Perform WYSIWYG Primitive Resynthesis                                           ; Off                ; Off                ;
; Auto ROM Replacement                                                            ; On                 ; On                 ;
; Auto RAM Replacement                                                            ; On                 ; On                 ;
; Auto DSP Block Replacement                                                      ; On                 ; On                 ;
; Auto Shift Register Replacement                                                 ; Auto               ; Auto               ;
; Allow Shift Register Merging across Hierarchies                                 ; Auto               ; Auto               ;
; Auto Clock Enable Replacement                                                   ; On                 ; On                 ;
; Strict RAM Replacement                                                          ; Off                ; Off                ;
; Allow Synchronous Control Signals                                               ; On                 ; On                 ;
; Force Use of Synchronous Clear Signals                                          ; Off                ; Off                ;
; Auto Resource Sharing                                                           ; Off                ; Off                ;
; Allow Any RAM Size For Recognition                                              ; Off                ; Off                ;
; Allow Any ROM Size For Recognition                                              ; Off                ; Off                ;
; Allow Any Shift Register Size For Recognition                                   ; Off                ; Off                ;
; Use LogicLock Constraints during Resource Balancing                             ; On                 ; On                 ;
; Ignore translate_off and synthesis_off directives                               ; Off                ; Off                ;
; Timing-Driven Synthesis                                                         ; On                 ; On                 ;
; Report Parameter Settings                                                       ; On                 ; On                 ;
; Report Source Assignments                                                       ; On                 ; On                 ;
; Report Connectivity Checks                                                      ; On                 ; On                 ;
; Ignore Maximum Fan-Out Assignments                                              ; Off                ; Off                ;
; Synchronization Register Chain Length                                           ; 3                  ; 3                  ;
; PowerPlay Power Optimization During Synthesis                                   ; Normal compilation ; Normal compilation ;
; HDL message level                                                               ; Level2             ; Level2             ;
; Suppress Register Optimization Related Messages                                 ; Off                ; Off                ;
; Number of Removed Registers Reported in Synthesis Report                        ; 5000               ; 5000               ;
; Number of Swept Nodes Reported in Synthesis Report                              ; 5000               ; 5000               ;
; Number of Inverted Registers Reported in Synthesis Report                       ; 100                ; 100                ;
; Clock MUX Protection                                                            ; On                 ; On                 ;
; Auto Gated Clock Conversion                                                     ; Off                ; Off                ;
; Block Design Naming                                                             ; Auto               ; Auto               ;
; SDC constraint protection                                                       ; Off                ; Off                ;
; Synthesis Effort                                                                ; Auto               ; Auto               ;
; Shift Register Replacement - Allow Asynchronous Clear Signal                    ; On                 ; On                 ;
; Pre-Mapping Resynthesis Optimization                                            ; Off                ; Off                ;
; Analysis & Synthesis Message Level                                              ; Medium             ; Medium             ;
; Disable Register Merging Across Hierarchies                                     ; Auto               ; Auto               ;
; Resource Aware Inference For Block RAM                                          ; On                 ; On                 ;
; Synthesis Seed                                                                  ; 1                  ; 1                  ;
; Automatic Parallel Synthesis                                                    ; On                 ; On                 ;
; Partial Reconfiguration Bitstream ID                                            ; Off                ; Off                ;
+---------------------------------------------------------------------------------+--------------------+--------------------+


Parallel compilation was disabled, but you have multiple processors available. Enable parallel compilation to reduce compilation time.
+-------------------------------------+
; Parallel Compilation                ;
+----------------------------+--------+
; Processors                 ; Number ;
+----------------------------+--------+
; Number detected on machine ; 8      ;
; Maximum allowed            ; 1      ;
+----------------------------+--------+


+-------------------------------------------------------------------------------------------------------------------------------------------------------------------------+
; Analysis & Synthesis Source Files Read                                                                                                                                  ;
+----------------------------------+-----------------+------------------------+---------------------------------------------------------------------------------+---------+
; File Name with User-Entered Path ; Used in Netlist ; File Type              ; File Name with Absolute Path                                                    ; Library ;
+----------------------------------+-----------------+------------------------+---------------------------------------------------------------------------------+---------+
; single_port_rom.v                ; yes             ; User Verilog HDL File  ; /home/victor/Documents/QuartusProjects/NibbleProcessor/single_port_rom.v        ;         ;
; single_port_rom_init.txt         ; yes             ; Auto-Found File        ; /home/victor/Documents/QuartusProjects/NibbleProcessor/single_port_rom_init.txt ;         ;
+----------------------------------+-----------------+------------------------+---------------------------------------------------------------------------------+---------+


+-----------------------------------------------------------+
; Analysis & Synthesis Resource Usage Summary               ;
+---------------------------------------------+-------------+
; Resource                                    ; Usage       ;
+---------------------------------------------+-------------+
; Estimate of Logic utilization (ALMs needed) ; 0           ;
;                                             ;             ;
; Combinational ALUT usage for logic          ; 0           ;
;     -- 7 input functions                    ; 0           ;
;     -- 6 input functions                    ; 0           ;
;     -- 5 input functions                    ; 0           ;
;     -- 4 input functions                    ; 0           ;
;     -- <=3 input functions                  ; 0           ;
;                                             ;             ;
; Dedicated logic registers                   ; 0           ;
;                                             ;             ;
; I/O pins                                    ; 30          ;
;                                             ;             ;
; Total DSP Blocks                            ; 0           ;
;                                             ;             ;
; Maximum fan-out node                        ; q[0]~output ;
; Maximum fan-out                             ; 1           ;
; Total fan-out                               ; 30          ;
; Average fan-out                             ; 0.50        ;
+---------------------------------------------+-------------+


+-----------------------------------------------------------------------------------------------------------------------------------------------------------------------------+
; Analysis & Synthesis Resource Utilization by Entity                                                                                                                         ;
+----------------------------+-------------------+--------------+-------------------+------------+------+--------------+---------------------+-----------------+--------------+
; Compilation Hierarchy Node ; LC Combinationals ; LC Registers ; Block Memory Bits ; DSP Blocks ; Pins ; Virtual Pins ; Full Hierarchy Name ; Entity Name     ; Library Name ;
+----------------------------+-------------------+--------------+-------------------+------------+------+--------------+---------------------+-----------------+--------------+
; |single_port_rom           ; 0 (0)             ; 0 (0)        ; 0                 ; 0          ; 30   ; 0            ; |single_port_rom    ; single_port_rom ; work         ;
+----------------------------+-------------------+--------------+-------------------+------------+------+--------------+---------------------+-----------------+--------------+
Note: For table entries with two numbers listed, the numbers in parentheses indicate the number of resources of the given type used by the specific entity alone. The numbers listed outside of parentheses indicate the total resources of the given type used by the specific entity and all of its sub-entities in the hierarchy.


+---------------------------------------------------------------------------------+
; Registers Removed During Synthesis                                              ;
+----------------------------------------+----------------------------------------+
; Register name                          ; Reason for Removal                     ;
+----------------------------------------+----------------------------------------+
; q[0]~reg0                              ; Stuck at GND due to stuck port data_in ;
; q[1]~reg0                              ; Stuck at GND due to stuck port data_in ;
; q[2]~reg0                              ; Stuck at GND due to stuck port data_in ;
; q[3]~reg0                              ; Stuck at GND due to stuck port data_in ;
; q[4]~reg0                              ; Stuck at GND due to stuck port data_in ;
; q[5]~reg0                              ; Stuck at GND due to stuck port data_in ;
; q[6]~reg0                              ; Stuck at GND due to stuck port data_in ;
; q[7]~reg0                              ; Stuck at GND due to stuck port data_in ;
; q[8]~reg0                              ; Stuck at GND due to stuck port data_in ;
; q[9]~reg0                              ; Stuck at GND due to stuck port data_in ;
; q[10]~reg0                             ; Stuck at GND due to stuck port data_in ;
; q[11]~reg0                             ; Stuck at GND due to stuck port data_in ;
; q[12]~reg0                             ; Stuck at GND due to stuck port data_in ;
; q[13]~reg0                             ; Stuck at GND due to stuck port data_in ;
; q[14]~reg0                             ; Stuck at GND due to stuck port data_in ;
; q[15]~reg0                             ; Stuck at GND due to stuck port data_in ;
; q[16]~reg0                             ; Stuck at GND due to stuck port data_in ;
; q[17]~reg0                             ; Stuck at GND due to stuck port data_in ;
; q[18]~reg0                             ; Stuck at GND due to stuck port data_in ;
; q[19]~reg0                             ; Stuck at GND due to stuck port data_in ;
; q[20]~reg0                             ; Stuck at GND due to stuck port data_in ;
; q[21]~reg0                             ; Stuck at GND due to stuck port data_in ;
; q[22]~reg0                             ; Stuck at GND due to stuck port data_in ;
; q[23]~reg0                             ; Stuck at GND due to stuck port data_in ;
; Total Number of Removed Registers = 24 ;                                        ;
+----------------------------------------+----------------------------------------+


+------------------------------------------------------------------------------------+
; Removed Registers Triggering Further Register Optimizations                        ;
+---------------+---------------------------+----------------------------------------+
; Register name ; Reason for Removal        ; Registers Removed due to This Register ;
+---------------+---------------------------+----------------------------------------+
; q[1]~reg0     ; Stuck at GND              ; q[23]~reg0                             ;
;               ; due to stuck port data_in ;                                        ;
+---------------+---------------------------+----------------------------------------+


+------------------------------------------------------+
; General Register Statistics                          ;
+----------------------------------------------+-------+
; Statistic                                    ; Value ;
+----------------------------------------------+-------+
; Total registers                              ; 0     ;
; Number of registers using Synchronous Clear  ; 0     ;
; Number of registers using Synchronous Load   ; 0     ;
; Number of registers using Asynchronous Clear ; 0     ;
; Number of registers using Asynchronous Load  ; 0     ;
; Number of registers using Clock Enable       ; 0     ;
; Number of registers using Preset             ; 0     ;
+----------------------------------------------+-------+


+-----------------------------------------------------+
; Post-Synthesis Netlist Statistics for Top Partition ;
+-----------------------+-----------------------------+
; Type                  ; Count                       ;
+-----------------------+-----------------------------+
; arriav_lcell_comb     ; 1                           ;
;     normal            ; 1                           ;
;         0 data inputs ; 1                           ;
; boundary_port         ; 30                          ;
;                       ;                             ;
; Max LUT depth         ; 0.00                        ;
; Average LUT depth     ; 0.00                        ;
+-----------------------+-----------------------------+


+-------------------------------+
; Elapsed Time Per Partition    ;
+----------------+--------------+
; Partition Name ; Elapsed Time ;
+----------------+--------------+
; Top            ; 00:00:00     ;
+----------------+--------------+


+-------------------------------+
; Analysis & Synthesis Messages ;
+-------------------------------+
Info: *******************************************************************
Info: Running Quartus Prime Analysis & Synthesis
    Info: Version 16.0.0 Build 211 04/27/2016 SJ Lite Edition
    Info: Processing started: Thu Nov  3 22:50:26 2016
Info: Command: quartus_map --read_settings_files=on --write_settings_files=off NibbleProcessor -c NibbleProcessor
Warning (20028): Parallel compilation is not licensed and has been disabled
Info (12021): Found 1 design units, including 1 entities, in source file Register3Bits.bdf
    Info (12023): Found entity 1: Register3Bits
Info (12021): Found 1 design units, including 1 entities, in source file Decoder.bdf
    Info (12023): Found entity 1: Decoder
Info (12021): Found 1 design units, including 1 entities, in source file Mux3_1.bdf
    Info (12023): Found entity 1: Mux3_1
Info (12021): Found 1 design units, including 1 entities, in source file Register5Bits.bdf
    Info (12023): Found entity 1: Register5Bits
Info (12021): Found 1 design units, including 1 entities, in source file Register8Bits.bdf
    Info (12023): Found entity 1: Register8Bits
Info (12021): Found 1 design units, including 1 entities, in source file single_port_ram.v
    Info (12023): Found entity 1: single_port_ram File: /home/victor/Documents/QuartusProjects/NibbleProcessor/single_port_ram.v Line: 4
Info (12021): Found 1 design units, including 1 entities, in source file single_port_rom.v
    Info (12023): Found entity 1: single_port_rom File: /home/victor/Documents/QuartusProjects/NibbleProcessor/single_port_rom.v Line: 4
Info (12127): Elaborating entity "single_port_rom" for the top level hierarchy
Warning (10850): Verilog HDL warning at single_port_rom.v(24): number of words (1) in memory file does not match the number of elements in the address range [0:31] File: /home/victor/Documents/QuartusProjects/NibbleProcessor/single_port_rom.v Line: 24
Warning (10230): Verilog HDL assignment warning at single_port_rom_init.txt(1): truncated value with size 25 to match size of target (24) File: /home/victor/Documents/QuartusProjects/NibbleProcessor/single_port_rom_init.txt Line: 1
Warning (10030): Net "rom.data_a" at single_port_rom.v(12) has no driver or initial value, using a default initial value '0' File: /home/victor/Documents/QuartusProjects/NibbleProcessor/single_port_rom.v Line: 12
Warning (10030): Net "rom.waddr_a" at single_port_rom.v(12) has no driver or initial value, using a default initial value '0' File: /home/victor/Documents/QuartusProjects/NibbleProcessor/single_port_rom.v Line: 12
Warning (10030): Net "rom.we_a" at single_port_rom.v(12) has no driver or initial value, using a default initial value '0' File: /home/victor/Documents/QuartusProjects/NibbleProcessor/single_port_rom.v Line: 12
Info (276014): Found 1 instances of uninferred RAM logic
    Info (276004): RAM logic "rom" is uninferred due to inappropriate RAM size File: /home/victor/Documents/QuartusProjects/NibbleProcessor/single_port_rom.v Line: 12
Warning (127007): Memory Initialization File or Hexadecimal (Intel-Format) File "/home/victor/Documents/QuartusProjects/NibbleProcessor/db/NibbleProcessor.ram0_single_port_rom_7cbe853a.hdl.mif" contains "don't care" values -- overwriting them with 0s
Warning (13024): Output pins are stuck at VCC or GND
    Warning (13410): Pin "q[0]" is stuck at GND File: /home/victor/Documents/QuartusProjects/NibbleProcessor/single_port_rom.v Line: 27
    Warning (13410): Pin "q[1]" is stuck at GND File: /home/victor/Documents/QuartusProjects/NibbleProcessor/single_port_rom.v Line: 27
    Warning (13410): Pin "q[2]" is stuck at GND File: /home/victor/Documents/QuartusProjects/NibbleProcessor/single_port_rom.v Line: 27
    Warning (13410): Pin "q[3]" is stuck at GND File: /home/victor/Documents/QuartusProjects/NibbleProcessor/single_port_rom.v Line: 27
    Warning (13410): Pin "q[4]" is stuck at GND File: /home/victor/Documents/QuartusProjects/NibbleProcessor/single_port_rom.v Line: 27
    Warning (13410): Pin "q[5]" is stuck at GND File: /home/victor/Documents/QuartusProjects/NibbleProcessor/single_port_rom.v Line: 27
    Warning (13410): Pin "q[6]" is stuck at GND File: /home/victor/Documents/QuartusProjects/NibbleProcessor/single_port_rom.v Line: 27
    Warning (13410): Pin "q[7]" is stuck at GND File: /home/victor/Documents/QuartusProjects/NibbleProcessor/single_port_rom.v Line: 27
    Warning (13410): Pin "q[8]" is stuck at GND File: /home/victor/Documents/QuartusProjects/NibbleProcessor/single_port_rom.v Line: 27
    Warning (13410): Pin "q[9]" is stuck at GND File: /home/victor/Documents/QuartusProjects/NibbleProcessor/single_port_rom.v Line: 27
    Warning (13410): Pin "q[10]" is stuck at GND File: /home/victor/Documents/QuartusProjects/NibbleProcessor/single_port_rom.v Line: 27
    Warning (13410): Pin "q[11]" is stuck at GND File: /home/victor/Documents/QuartusProjects/NibbleProcessor/single_port_rom.v Line: 27
    Warning (13410): Pin "q[12]" is stuck at GND File: /home/victor/Documents/QuartusProjects/NibbleProcessor/single_port_rom.v Line: 27
    Warning (13410): Pin "q[13]" is stuck at GND File: /home/victor/Documents/QuartusProjects/NibbleProcessor/single_port_rom.v Line: 27
    Warning (13410): Pin "q[14]" is stuck at GND File: /home/victor/Documents/QuartusProjects/NibbleProcessor/single_port_rom.v Line: 27
    Warning (13410): Pin "q[15]" is stuck at GND File: /home/victor/Documents/QuartusProjects/NibbleProcessor/single_port_rom.v Line: 27
    Warning (13410): Pin "q[16]" is stuck at GND File: /home/victor/Documents/QuartusProjects/NibbleProcessor/single_port_rom.v Line: 27
    Warning (13410): Pin "q[17]" is stuck at GND File: /home/victor/Documents/QuartusProjects/NibbleProcessor/single_port_rom.v Line: 27
    Warning (13410): Pin "q[18]" is stuck at GND File: /home/victor/Documents/QuartusProjects/NibbleProcessor/single_port_rom.v Line: 27
    Warning (13410): Pin "q[19]" is stuck at GND File: /home/victor/Documents/QuartusProjects/NibbleProcessor/single_port_rom.v Line: 27
    Warning (13410): Pin "q[20]" is stuck at GND File: /home/victor/Documents/QuartusProjects/NibbleProcessor/single_port_rom.v Line: 27
    Warning (13410): Pin "q[21]" is stuck at GND File: /home/victor/Documents/QuartusProjects/NibbleProcessor/single_port_rom.v Line: 27
    Warning (13410): Pin "q[22]" is stuck at GND File: /home/victor/Documents/QuartusProjects/NibbleProcessor/single_port_rom.v Line: 27
    Warning (13410): Pin "q[23]" is stuck at GND File: /home/victor/Documents/QuartusProjects/NibbleProcessor/single_port_rom.v Line: 27
Info (16010): Generating hard_block partition "hard_block:auto_generated_inst"
    Info (16011): Adding 0 node(s), including 0 DDIO, 0 PLL, 0 transceiver and 0 LCELL
Warning (21074): Design contains 6 input pin(s) that do not drive logic
    Warning (15610): No output dependent on input pin "addr[0]" File: /home/victor/Documents/QuartusProjects/NibbleProcessor/single_port_rom.v Line: 6
    Warning (15610): No output dependent on input pin "addr[1]" File: /home/victor/Documents/QuartusProjects/NibbleProcessor/single_port_rom.v Line: 6
    Warning (15610): No output dependent on input pin "addr[2]" File: /home/victor/Documents/QuartusProjects/NibbleProcessor/single_port_rom.v Line: 6
    Warning (15610): No output dependent on input pin "addr[3]" File: /home/victor/Documents/QuartusProjects/NibbleProcessor/single_port_rom.v Line: 6
    Warning (15610): No output dependent on input pin "addr[4]" File: /home/victor/Documents/QuartusProjects/NibbleProcessor/single_port_rom.v Line: 6
    Warning (15610): No output dependent on input pin "clk" File: /home/victor/Documents/QuartusProjects/NibbleProcessor/single_port_rom.v Line: 7
Info (21057): Implemented 30 device resources after synthesis - the final resource count might be different
    Info (21058): Implemented 6 input pins
    Info (21059): Implemented 24 output pins
Info: Quartus Prime Analysis & Synthesis was successful. 0 errors, 39 warnings
    Info: Peak virtual memory: 1273 megabytes
    Info: Processing ended: Thu Nov  3 22:50:35 2016
    Info: Elapsed time: 00:00:09
    Info: Total CPU time (on all processors): 00:00:25


